{"/Users/smouillour/Development/Perso/Dashboard/packages/backend/src/app.js": {"path":"/Users/smouillour/Development/Perso/Dashboard/packages/backend/src/app.js","statementMap":{"0":{"start":{"line":6,"column":16},"end":{"line":6,"column":29}},"1":{"start":{"line":7,"column":19},"end":{"line":7,"column":31}},"2":{"start":{"line":9,"column":13},"end":{"line":13,"column":1}},"3":{"start":{"line":10,"column":7},"end":{"line":10,"column":49}},"4":{"start":{"line":11,"column":7},"end":{"line":11,"column":95}},"5":{"start":{"line":12,"column":9},"end":{"line":12,"column":61}},"6":{"start":{"line":15,"column":0},"end":{"line":21,"column":2}},"7":{"start":{"line":20,"column":17},"end":{"line":20,"column":30}}},"fnMap":{"0":{"name":"(anonymous_0)","decl":{"start":{"line":10,"column":1},"end":{"line":10,"column":2}},"loc":{"start":{"line":10,"column":7},"end":{"line":10,"column":49}},"line":10},"1":{"name":"(anonymous_1)","decl":{"start":{"line":11,"column":1},"end":{"line":11,"column":2}},"loc":{"start":{"line":11,"column":7},"end":{"line":11,"column":95}},"line":11},"2":{"name":"(anonymous_2)","decl":{"start":{"line":12,"column":1},"end":{"line":12,"column":2}},"loc":{"start":{"line":12,"column":9},"end":{"line":12,"column":61}},"line":12},"3":{"name":"(anonymous_3)","decl":{"start":{"line":20,"column":11},"end":{"line":20,"column":12}},"loc":{"start":{"line":20,"column":17},"end":{"line":20,"column":30}},"line":20}},"branchMap":{"0":{"loc":{"start":{"line":12,"column":9},"end":{"line":12,"column":61}},"type":"cond-expr","locations":[{"start":{"line":12,"column":50},"end":{"line":12,"column":53}},{"start":{"line":12,"column":56},"end":{"line":12,"column":61}}],"line":12}},"s":{"0":0,"1":0,"2":0,"3":0,"4":0,"5":0,"6":0,"7":0},"f":{"0":0,"1":0,"2":0,"3":0},"b":{"0":[0,0]},"hash":"5c38feb519c295086c22f5ec8f9413b342d47daf"}
,"/Users/smouillour/Development/Perso/Dashboard/packages/backend/src/config.js": {"path":"/Users/smouillour/Development/Perso/Dashboard/packages/backend/src/config.js","statementMap":{"0":{"start":{"line":2,"column":22},"end":{"line":4,"column":1}}},"fnMap":{},"branchMap":{},"s":{"0":1},"f":{},"b":{},"_coverageSchema":"43e27e138ebf9cfc5966b082cf9a028302ed4184","hash":"b1b340cd9d26aca62f6aacc4368c902c77864f44"}
,"/Users/smouillour/Development/Perso/Dashboard/packages/backend/src/services/github/defaultConfig.js": {"path":"/Users/smouillour/Development/Perso/Dashboard/packages/backend/src/services/github/defaultConfig.js","statementMap":{"0":{"start":{"line":2,"column":22},"end":{"line":4,"column":1}}},"fnMap":{},"branchMap":{},"s":{"0":1},"f":{},"b":{},"_coverageSchema":"43e27e138ebf9cfc5966b082cf9a028302ed4184","hash":"84486bdfa318b48280f18243f396f4ebb988dfe3"}
,"/Users/smouillour/Development/Perso/Dashboard/packages/backend/src/services/github/index.js": {"path":"/Users/smouillour/Development/Perso/Dashboard/packages/backend/src/services/github/index.js","statementMap":{"0":{"start":{"line":5,"column":16},"end":{"line":5,"column":29}},"1":{"start":{"line":7,"column":22},"end":{"line":12,"column":1}},"2":{"start":{"line":9,"column":17},"end":{"line":9,"column":54}},"3":{"start":{"line":10,"column":2},"end":{"line":10,"column":16}}},"fnMap":{"0":{"name":"(anonymous_0)","decl":{"start":{"line":8,"column":29},"end":{"line":8,"column":30}},"loc":{"start":{"line":8,"column":42},"end":{"line":11,"column":2}},"line":8}},"branchMap":{},"s":{"0":0,"1":0,"2":0,"3":0},"f":{"0":0},"b":{},"hash":"1bb5a64434f897505e435a50e8d12c4445746f19"}
,"/Users/smouillour/Development/Perso/Dashboard/packages/backend/src/services/github/queries.js": {"path":"/Users/smouillour/Development/Perso/Dashboard/packages/backend/src/services/github/queries.js","statementMap":{"0":{"start":{"line":9,"column":15},"end":{"line":12,"column":1}},"1":{"start":{"line":15,"column":16},"end":{"line":23,"column":41}},"2":{"start":{"line":22,"column":20},"end":{"line":22,"column":35}},"3":{"start":{"line":23,"column":16},"end":{"line":23,"column":40}},"4":{"start":{"line":25,"column":1},"end":{"line":25,"column":15}},"5":{"start":{"line":29,"column":18},"end":{"line":29,"column":60}},"6":{"start":{"line":30,"column":1},"end":{"line":30,"column":17}},"7":{"start":{"line":34,"column":18},"end":{"line":36,"column":2}},"8":{"start":{"line":37,"column":1},"end":{"line":37,"column":17}}},"fnMap":{"0":{"name":"fetchGithub","decl":{"start":{"line":14,"column":22},"end":{"line":14,"column":33}},"loc":{"start":{"line":14,"column":41},"end":{"line":26,"column":1}},"line":14},"1":{"name":"(anonymous_1)","decl":{"start":{"line":22,"column":8},"end":{"line":22,"column":9}},"loc":{"start":{"line":22,"column":20},"end":{"line":22,"column":35}},"line":22},"2":{"name":"(anonymous_2)","decl":{"start":{"line":23,"column":8},"end":{"line":23,"column":9}},"loc":{"start":{"line":23,"column":16},"end":{"line":23,"column":40}},"line":23},"3":{"name":"getUserInformations","decl":{"start":{"line":28,"column":22},"end":{"line":28,"column":41}},"loc":{"start":{"line":28,"column":49},"end":{"line":31,"column":1}},"line":28},"4":{"name":"getListOfRepositories","decl":{"start":{"line":33,"column":22},"end":{"line":33,"column":43}},"loc":{"start":{"line":33,"column":92},"end":{"line":38,"column":1}},"line":33}},"branchMap":{"0":{"loc":{"start":{"line":23,"column":16},"end":{"line":23,"column":40}},"type":"binary-expr","locations":[{"start":{"line":23,"column":16},"end":{"line":23,"column":25}},{"start":{"line":23,"column":29},"end":{"line":23,"column":40}}],"line":23}},"s":{"0":1,"1":5,"2":5,"3":5,"4":5,"5":1,"6":1,"7":4,"8":4},"f":{"0":5,"1":5,"2":5,"3":1,"4":4},"b":{"0":[5,0]},"_coverageSchema":"43e27e138ebf9cfc5966b082cf9a028302ed4184","hash":"1331d54900b76334d65c547fb5cfcb69c9e134f2"}
,"/Users/smouillour/Development/Perso/Dashboard/packages/backend/src/services/github/graphql/commons.js": {"path":"/Users/smouillour/Development/Perso/Dashboard/packages/backend/src/services/github/graphql/commons.js","statementMap":{"0":{"start":{"line":2,"column":32},"end":{"line":37,"column":1}},"1":{"start":{"line":10,"column":13},"end":{"line":10,"column":14}},"2":{"start":{"line":11,"column":1},"end":{"line":18,"column":2}},"3":{"start":{"line":13,"column":2},"end":{"line":15,"column":4}},"4":{"start":{"line":17,"column":2},"end":{"line":17,"column":17}},"5":{"start":{"line":20,"column":19},"end":{"line":20,"column":63}},"6":{"start":{"line":23,"column":18},"end":{"line":23,"column":20}},"7":{"start":{"line":24,"column":1},"end":{"line":26,"column":2}},"8":{"start":{"line":25,"column":2},"end":{"line":25,"column":72}},"9":{"start":{"line":29,"column":13},"end":{"line":29,"column":15}},"10":{"start":{"line":30,"column":1},"end":{"line":34,"column":2}},"11":{"start":{"line":31,"column":2},"end":{"line":33,"column":6}},"12":{"start":{"line":36,"column":1},"end":{"line":36,"column":39}}},"fnMap":{"0":{"name":"(anonymous_0)","decl":{"start":{"line":2,"column":32},"end":{"line":2,"column":33}},"loc":{"start":{"line":9,"column":6},"end":{"line":37,"column":1}},"line":9}},"branchMap":{"0":{"loc":{"start":{"line":3,"column":1},"end":{"line":3,"column":11}},"type":"default-arg","locations":[{"start":{"line":3,"column":10},"end":{"line":3,"column":11}}],"line":3},"1":{"loc":{"start":{"line":4,"column":1},"end":{"line":4,"column":15}},"type":"default-arg","locations":[{"start":{"line":4,"column":11},"end":{"line":4,"column":15}}],"line":4},"2":{"loc":{"start":{"line":5,"column":1},"end":{"line":5,"column":15}},"type":"default-arg","locations":[{"start":{"line":5,"column":11},"end":{"line":5,"column":15}}],"line":5},"3":{"loc":{"start":{"line":11,"column":1},"end":{"line":18,"column":2}},"type":"if","locations":[{"start":{"line":11,"column":1},"end":{"line":18,"column":2}},{"start":{"line":11,"column":1},"end":{"line":18,"column":2}}],"line":11},"4":{"loc":{"start":{"line":20,"column":19},"end":{"line":20,"column":63}},"type":"cond-expr","locations":[{"start":{"line":20,"column":29},"end":{"line":20,"column":45}},{"start":{"line":20,"column":48},"end":{"line":20,"column":63}}],"line":20},"5":{"loc":{"start":{"line":24,"column":1},"end":{"line":26,"column":2}},"type":"if","locations":[{"start":{"line":24,"column":1},"end":{"line":26,"column":2}},{"start":{"line":24,"column":1},"end":{"line":26,"column":2}}],"line":24},"6":{"loc":{"start":{"line":25,"column":15},"end":{"line":25,"column":71}},"type":"cond-expr","locations":[{"start":{"line":25,"column":25},"end":{"line":25,"column":46}},{"start":{"line":25,"column":49},"end":{"line":25,"column":71}}],"line":25},"7":{"loc":{"start":{"line":30,"column":1},"end":{"line":34,"column":2}},"type":"if","locations":[{"start":{"line":30,"column":1},"end":{"line":34,"column":2}},{"start":{"line":30,"column":1},"end":{"line":34,"column":2}}],"line":30},"8":{"loc":{"start":{"line":32,"column":3},"end":{"line":32,"column":53}},"type":"cond-expr","locations":[{"start":{"line":32,"column":31},"end":{"line":32,"column":45}},{"start":{"line":32,"column":48},"end":{"line":32,"column":53}}],"line":32}},"s":{"0":2,"1":14,"2":14,"3":0,"4":14,"5":14,"6":14,"7":14,"8":4,"9":14,"10":14,"11":4,"12":14},"f":{"0":14},"b":{"0":[1],"1":[4],"2":[7],"3":[0,14],"4":[12,2],"5":[4,10],"6":[2,2],"7":[4,10],"8":[2,2]},"_coverageSchema":"43e27e138ebf9cfc5966b082cf9a028302ed4184","hash":"4bb287dd0094d8a42ae2a67350466d644076d827"}
,"/Users/smouillour/Development/Perso/Dashboard/packages/backend/src/services/github/graphql/organization.js": {"path":"/Users/smouillour/Development/Perso/Dashboard/packages/backend/src/services/github/graphql/organization.js","statementMap":{},"fnMap":{},"branchMap":{},"s":{},"f":{},"b":{},"hash":"b01774178523045289ef4699a618cb5b838737fe"}
,"/Users/smouillour/Development/Perso/Dashboard/packages/backend/src/services/github/graphql/project.js": {"path":"/Users/smouillour/Development/Perso/Dashboard/packages/backend/src/services/github/graphql/project.js","statementMap":{},"fnMap":{},"branchMap":{},"s":{},"f":{},"b":{},"hash":"617c426950cbc7be1e7eba48dd112cdfa20f5fe1"}
,"/Users/smouillour/Development/Perso/Dashboard/packages/backend/src/services/github/graphql/repository.js": {"path":"/Users/smouillour/Development/Perso/Dashboard/packages/backend/src/services/github/graphql/repository.js","statementMap":{"0":{"start":{"line":4,"column":34},"end":{"line":21,"column":1}},"1":{"start":{"line":5,"column":14},"end":{"line":5,"column":42}},"2":{"start":{"line":7,"column":1},"end":{"line":20,"column":7}}},"fnMap":{"0":{"name":"(anonymous_0)","decl":{"start":{"line":4,"column":34},"end":{"line":4,"column":35}},"loc":{"start":{"line":4,"column":86},"end":{"line":21,"column":1}},"line":4}},"branchMap":{"0":{"loc":{"start":{"line":8,"column":8},"end":{"line":8,"column":48}},"type":"cond-expr","locations":[{"start":{"line":8,"column":25},"end":{"line":8,"column":39}},{"start":{"line":8,"column":42},"end":{"line":8,"column":48}}],"line":8},"1":{"loc":{"start":{"line":14,"column":16},"end":{"line":14,"column":33}},"type":"binary-expr","locations":[{"start":{"line":14,"column":16},"end":{"line":14,"column":27}},{"start":{"line":14,"column":31},"end":{"line":14,"column":33}}],"line":14}},"s":{"0":1,"1":4,"2":4},"f":{"0":4},"b":{"0":[2,2],"1":[4,2]},"_coverageSchema":"43e27e138ebf9cfc5966b082cf9a028302ed4184","hash":"b3d28521b1dfd9c72a5b2f71a0c3d8b549e10a98"}
,"/Users/smouillour/Development/Perso/Dashboard/packages/backend/src/services/github/graphql/user.js": {"path":"/Users/smouillour/Development/Perso/Dashboard/packages/backend/src/services/github/graphql/user.js","statementMap":{"0":{"start":{"line":5,"column":32},"end":{"line":24,"column":4}},"1":{"start":{"line":5,"column":41},"end":{"line":24,"column":4}},"2":{"start":{"line":26,"column":30},"end":{"line":26,"column":38}},"3":{"start":{"line":27,"column":35},"end":{"line":27,"column":43}},"4":{"start":{"line":28,"column":26},"end":{"line":28,"column":34}},"5":{"start":{"line":29,"column":31},"end":{"line":29,"column":39}},"6":{"start":{"line":30,"column":31},"end":{"line":30,"column":39}},"7":{"start":{"line":31,"column":34},"end":{"line":31,"column":42}}},"fnMap":{"0":{"name":"(anonymous_0)","decl":{"start":{"line":5,"column":32},"end":{"line":5,"column":33}},"loc":{"start":{"line":5,"column":41},"end":{"line":24,"column":4}},"line":5},"1":{"name":"(anonymous_1)","decl":{"start":{"line":26,"column":30},"end":{"line":26,"column":31}},"loc":{"start":{"line":26,"column":36},"end":{"line":26,"column":38}},"line":26},"2":{"name":"(anonymous_2)","decl":{"start":{"line":27,"column":35},"end":{"line":27,"column":36}},"loc":{"start":{"line":27,"column":41},"end":{"line":27,"column":43}},"line":27},"3":{"name":"(anonymous_3)","decl":{"start":{"line":28,"column":26},"end":{"line":28,"column":27}},"loc":{"start":{"line":28,"column":32},"end":{"line":28,"column":34}},"line":28},"4":{"name":"(anonymous_4)","decl":{"start":{"line":29,"column":31},"end":{"line":29,"column":32}},"loc":{"start":{"line":29,"column":37},"end":{"line":29,"column":39}},"line":29},"5":{"name":"(anonymous_5)","decl":{"start":{"line":30,"column":31},"end":{"line":30,"column":32}},"loc":{"start":{"line":30,"column":37},"end":{"line":30,"column":39}},"line":30},"6":{"name":"(anonymous_6)","decl":{"start":{"line":31,"column":34},"end":{"line":31,"column":35}},"loc":{"start":{"line":31,"column":40},"end":{"line":31,"column":42}},"line":31}},"branchMap":{},"s":{"0":1,"1":1,"2":1,"3":1,"4":1,"5":1,"6":1,"7":1},"f":{"0":1,"1":0,"2":0,"3":0,"4":0,"5":0,"6":0},"b":{},"_coverageSchema":"43e27e138ebf9cfc5966b082cf9a028302ed4184","hash":"8d4f79d28b6abb6fe15b211764058e58fec71c8b"}
}
