TN:
SF:/Users/smouillour/Development/Perso/Dashboard/packages/backend/src/app.js
FN:10,(anonymous_0)
FN:11,(anonymous_1)
FN:12,(anonymous_2)
FN:20,(anonymous_3)
FNF:4
FNH:0
FNDA:0,(anonymous_0)
FNDA:0,(anonymous_1)
FNDA:0,(anonymous_2)
FNDA:0,(anonymous_3)
DA:6,0
DA:7,0
DA:9,0
DA:10,0
DA:11,0
DA:12,0
DA:15,0
DA:20,0
LF:8
LH:0
BRDA:12,0,0,0
BRDA:12,0,1,0
BRF:2
BRH:0
end_of_record
TN:
SF:/Users/smouillour/Development/Perso/Dashboard/packages/backend/src/config.js
FNF:0
FNH:0
DA:2,1
LF:1
LH:1
BRF:0
BRH:0
end_of_record
TN:
SF:/Users/smouillour/Development/Perso/Dashboard/packages/backend/src/services/github/defaultConfig.js
FNF:0
FNH:0
DA:2,1
LF:1
LH:1
BRF:0
BRH:0
end_of_record
TN:
SF:/Users/smouillour/Development/Perso/Dashboard/packages/backend/src/services/github/index.js
FN:8,(anonymous_0)
FNF:1
FNH:0
FNDA:0,(anonymous_0)
DA:5,0
DA:7,0
DA:9,0
DA:10,0
LF:4
LH:0
BRF:0
BRH:0
end_of_record
TN:
SF:/Users/smouillour/Development/Perso/Dashboard/packages/backend/src/services/github/queries.js
FN:14,fetchGithub
FN:22,(anonymous_1)
FN:23,(anonymous_2)
FN:28,getUserInformations
FN:33,getListOfRepositories
FNF:5
FNH:5
FNDA:5,fetchGithub
FNDA:5,(anonymous_1)
FNDA:5,(anonymous_2)
FNDA:1,getUserInformations
FNDA:4,getListOfRepositories
DA:9,1
DA:15,5
DA:22,5
DA:23,5
DA:25,5
DA:29,1
DA:30,1
DA:34,4
DA:37,4
LF:9
LH:9
BRDA:23,0,0,5
BRDA:23,0,1,0
BRF:2
BRH:1
end_of_record
TN:
SF:/Users/smouillour/Development/Perso/Dashboard/packages/backend/src/services/github/graphql/commons.js
FN:2,(anonymous_0)
FNF:1
FNH:1
FNDA:14,(anonymous_0)
DA:2,2
DA:10,14
DA:11,14
DA:13,0
DA:17,14
DA:20,14
DA:23,14
DA:24,14
DA:25,4
DA:29,14
DA:30,14
DA:31,4
DA:36,14
LF:13
LH:12
BRDA:3,0,0,1
BRDA:4,1,0,4
BRDA:5,2,0,7
BRDA:11,3,0,0
BRDA:11,3,1,14
BRDA:20,4,0,12
BRDA:20,4,1,2
BRDA:24,5,0,4
BRDA:24,5,1,10
BRDA:25,6,0,2
BRDA:25,6,1,2
BRDA:30,7,0,4
BRDA:30,7,1,10
BRDA:32,8,0,2
BRDA:32,8,1,2
BRF:15
BRH:14
end_of_record
TN:
SF:/Users/smouillour/Development/Perso/Dashboard/packages/backend/src/services/github/graphql/organization.js
FNF:0
FNH:0
LF:0
LH:0
BRF:0
BRH:0
end_of_record
TN:
SF:/Users/smouillour/Development/Perso/Dashboard/packages/backend/src/services/github/graphql/project.js
FNF:0
FNH:0
LF:0
LH:0
BRF:0
BRH:0
end_of_record
TN:
SF:/Users/smouillour/Development/Perso/Dashboard/packages/backend/src/services/github/graphql/repository.js
FN:4,(anonymous_0)
FNF:1
FNH:1
FNDA:4,(anonymous_0)
DA:4,1
DA:5,4
DA:7,4
LF:3
LH:3
BRDA:8,0,0,2
BRDA:8,0,1,2
BRDA:14,1,0,4
BRDA:14,1,1,2
BRF:4
BRH:4
end_of_record
TN:
SF:/Users/smouillour/Development/Perso/Dashboard/packages/backend/src/services/github/graphql/user.js
FN:5,(anonymous_0)
FN:26,(anonymous_1)
FN:27,(anonymous_2)
FN:28,(anonymous_3)
FN:29,(anonymous_4)
FN:30,(anonymous_5)
FN:31,(anonymous_6)
FNF:7
FNH:1
FNDA:1,(anonymous_0)
FNDA:0,(anonymous_1)
FNDA:0,(anonymous_2)
FNDA:0,(anonymous_3)
FNDA:0,(anonymous_4)
FNDA:0,(anonymous_5)
FNDA:0,(anonymous_6)
DA:5,1
DA:26,1
DA:27,1
DA:28,1
DA:29,1
DA:30,1
DA:31,1
LF:7
LH:7
BRF:0
BRH:0
end_of_record
